Release 14.6 - xst P.68d (lin64)
Copyright (c) 1995-2013 Xilinx, Inc.  All rights reserved.
--> 
Parameter TMPDIR set to xst/projnav.tmp


Total REAL time to Xst completion: 0.00 secs
Total CPU time to Xst completion: 0.06 secs
 
--> 
Parameter xsthdpdir set to xst


Total REAL time to Xst completion: 0.00 secs
Total CPU time to Xst completion: 0.06 secs
 
--> 
Reading design: ula1b.prj

TABLE OF CONTENTS
  1) Synthesis Options Summary
  2) HDL Compilation
  3) Design Hierarchy Analysis
  4) HDL Analysis
  5) HDL Synthesis
     5.1) HDL Synthesis Report
  6) Advanced HDL Synthesis
     6.1) Advanced HDL Synthesis Report
  7) Low Level Synthesis
  8) Partition Report
  9) Final Report
	9.1) Device utilization summary
	9.2) Partition Resource Summary
	9.3) TIMING REPORT


=========================================================================
*                      Synthesis Options Summary                        *
=========================================================================
---- Source Parameters
Input File Name                    : "ula1b.prj"
Input Format                       : mixed
Ignore Synthesis Constraint File   : NO

---- Target Parameters
Output File Name                   : "ula1b"
Output Format                      : NGC
Target Device                      : xa3s1200e-4-ftg256

---- Source Options
Top Module Name                    : ula1b
Automatic FSM Extraction           : YES
FSM Encoding Algorithm             : Auto
Safe Implementation                : No
FSM Style                          : LUT
RAM Extraction                     : Yes
RAM Style                          : Auto
ROM Extraction                     : Yes
Mux Style                          : Auto
Decoder Extraction                 : YES
Priority Encoder Extraction        : Yes
Shift Register Extraction          : YES
Logical Shifter Extraction         : YES
XOR Collapsing                     : YES
ROM Style                          : Auto
Mux Extraction                     : Yes
Resource Sharing                   : YES
Asynchronous To Synchronous        : NO
Multiplier Style                   : Auto
Automatic Register Balancing       : No

---- Target Options
Add IO Buffers                     : YES
Global Maximum Fanout              : 100000
Add Generic Clock Buffer(BUFG)     : 24
Register Duplication               : YES
Slice Packing                      : YES
Optimize Instantiated Primitives   : NO
Use Clock Enable                   : Yes
Use Synchronous Set                : Yes
Use Synchronous Reset              : Yes
Pack IO Registers into IOBs        : Auto
Equivalent register Removal        : YES

---- General Options
Optimization Goal                  : Speed
Optimization Effort                : 1
Keep Hierarchy                     : No
Netlist Hierarchy                  : As_Optimized
RTL Output                         : Yes
Global Optimization                : AllClockNets
Read Cores                         : YES
Write Timing Constraints           : NO
Cross Clock Analysis               : NO
Hierarchy Separator                : /
Bus Delimiter                      : <>
Case Specifier                     : Maintain
Slice Utilization Ratio            : 100
BRAM Utilization Ratio             : 100
Verilog 2001                       : YES
Auto BRAM Packing                  : NO
Slice Utilization Ratio Delta      : 5

=========================================================================


=========================================================================
*                          HDL Compilation                              *
=========================================================================
WARNING:HDLParsers:3607 - Unit work/ula1b is now defined in a different file.  It was defined in "/var/scratch/labgeral/Documentos/pedro/ula1b/ula1b.vhd", and is now defined in "/var/scratch/labhardware/Documentos/TP_PROCESSADOR_VHDL-main/ULA1b/ula1b.vhd".
WARNING:HDLParsers:3607 - Unit work/ula1b/Behavioral is now defined in a different file.  It was defined in "/var/scratch/labgeral/Documentos/pedro/ula1b/ula1b.vhd", and is now defined in "/var/scratch/labhardware/Documentos/TP_PROCESSADOR_VHDL-main/ULA1b/ula1b.vhd".
WARNING:HDLParsers:3607 - Unit work/mux4b is now defined in a different file.  It was defined in "/var/scratch/labgeral/Documentos/pedro/ula1b/mux4b.vhd", and is now defined in "/var/scratch/labhardware/Documentos/TP_PROCESSADOR_VHDL-main/ULA1b/mux4b.vhd".
WARNING:HDLParsers:3607 - Unit work/mux4b/Behavioral is now defined in a different file.  It was defined in "/var/scratch/labgeral/Documentos/pedro/ula1b/mux4b.vhd", and is now defined in "/var/scratch/labhardware/Documentos/TP_PROCESSADOR_VHDL-main/ULA1b/mux4b.vhd".
WARNING:HDLParsers:3607 - Unit work/somador1b is now defined in a different file.  It was defined in "/var/scratch/labgeral/Documentos/pedro/ula1b/somador1b.vhd", and is now defined in "/var/scratch/labhardware/Documentos/TP_PROCESSADOR_VHDL-main/ULA1b/somador1b.vhd".
WARNING:HDLParsers:3607 - Unit work/somador1b/Behavioral is now defined in a different file.  It was defined in "/var/scratch/labgeral/Documentos/pedro/ula1b/somador1b.vhd", and is now defined in "/var/scratch/labhardware/Documentos/TP_PROCESSADOR_VHDL-main/ULA1b/somador1b.vhd".
WARNING:HDLParsers:3607 - Unit work/mux2b is now defined in a different file.  It was defined in "/var/scratch/labgeral/Documentos/pedro/ula1b/mux2b.vhd", and is now defined in "/var/scratch/labhardware/Documentos/TP_PROCESSADOR_VHDL-main/ULA1b/mux2b.vhd".
WARNING:HDLParsers:3607 - Unit work/mux2b/Behavioral is now defined in a different file.  It was defined in "/var/scratch/labgeral/Documentos/pedro/ula1b/mux2b.vhd", and is now defined in "/var/scratch/labhardware/Documentos/TP_PROCESSADOR_VHDL-main/ULA1b/mux2b.vhd".
Compiling vhdl file "/var/scratch/labhardware/Documentos/TP_PROCESSADOR_VHDL-main/ULA1b/mux2b.vhd" in Library work.
Architecture behavioral of Entity mux2b is up to date.
Compiling vhdl file "/var/scratch/labhardware/Documentos/TP_PROCESSADOR_VHDL-main/ULA1b/somador1b.vhd" in Library work.
Architecture behavioral of Entity somador1b is up to date.
Compiling vhdl file "/var/scratch/labhardware/Documentos/TP_PROCESSADOR_VHDL-main/ULA1b/mux4b.vhd" in Library work.
Architecture behavioral of Entity mux4b is up to date.
Compiling vhdl file "/var/scratch/labhardware/Documentos/TP_PROCESSADOR_VHDL-main/ULA1b/ula1b.vhd" in Library work.
Entity <ula1b> compiled.
Entity <ula1b> (Architecture <behavioral>) compiled.

=========================================================================
*                     Design Hierarchy Analysis                         *
=========================================================================
Analyzing hierarchy for entity <ula1b> in library <work> (architecture <behavioral>).

Analyzing hierarchy for entity <mux2b> in library <work> (architecture <behavioral>).

Analyzing hierarchy for entity <somador1b> in library <work> (architecture <behavioral>).

Analyzing hierarchy for entity <mux4b> in library <work> (architecture <behavioral>).

Analyzing hierarchy for entity <mux2b> in library <work> (architecture <behavioral>).


=========================================================================
*                            HDL Analysis                               *
=========================================================================
Analyzing Entity <ula1b> in library <work> (Architecture <behavioral>).
Entity <ula1b> analyzed. Unit <ula1b> generated.

Analyzing Entity <mux2b> in library <work> (Architecture <behavioral>).
Entity <mux2b> analyzed. Unit <mux2b> generated.

Analyzing Entity <somador1b> in library <work> (Architecture <behavioral>).
Entity <somador1b> analyzed. Unit <somador1b> generated.

Analyzing Entity <mux4b> in library <work> (Architecture <behavioral>).
Entity <mux4b> analyzed. Unit <mux4b> generated.


=========================================================================
*                           HDL Synthesis                               *
=========================================================================

Performing bidirectional port resolution...

Synthesizing Unit <mux2b>.
    Related source file is "/var/scratch/labhardware/Documentos/TP_PROCESSADOR_VHDL-main/ULA1b/mux2b.vhd".
Unit <mux2b> synthesized.


Synthesizing Unit <somador1b>.
    Related source file is "/var/scratch/labhardware/Documentos/TP_PROCESSADOR_VHDL-main/ULA1b/somador1b.vhd".
    Found 1-bit xor3 for signal <SOMA>.
    Summary:
	inferred   1 Xor(s).
Unit <somador1b> synthesized.


Synthesizing Unit <mux4b>.
    Related source file is "/var/scratch/labhardware/Documentos/TP_PROCESSADOR_VHDL-main/ULA1b/mux4b.vhd".
Unit <mux4b> synthesized.


Synthesizing Unit <ula1b>.
    Related source file is "/var/scratch/labhardware/Documentos/TP_PROCESSADOR_VHDL-main/ULA1b/ula1b.vhd".
WARNING:Xst:1306 - Output <SET> is never assigned.
Unit <ula1b> synthesized.


=========================================================================
HDL Synthesis Report

Macro Statistics
# Xors                                                 : 1
 1-bit xor3                                            : 1

=========================================================================

=========================================================================
*                       Advanced HDL Synthesis                          *
=========================================================================


=========================================================================
Advanced HDL Synthesis Report

Macro Statistics
# Xors                                                 : 1
 1-bit xor3                                            : 1

=========================================================================

=========================================================================
*                         Low Level Synthesis                           *
=========================================================================

Optimizing unit <ula1b> ...

Mapping all equations...
Building and optimizing final netlist ...
Found area constraint ratio of 100 (+ 5) on block ula1b, actual ratio is 0.

Final Macro Processing ...

=========================================================================
Final Register Report

Found no macro
=========================================================================

=========================================================================
*                           Partition Report                            *
=========================================================================

Partition Implementation Status
-------------------------------

  No Partitions were found in this design.

-------------------------------

=========================================================================
*                            Final Report                               *
=========================================================================
Final Results
RTL Top Level Output File Name     : ula1b.ngr
Top Level Output File Name         : ula1b
Output Format                      : NGC
Optimization Goal                  : Speed
Keep Hierarchy                     : No

Design Statistics
# IOs                              : 11

Cell Usage :
# BELS                             : 7
#      LUT2                        : 1
#      LUT4                        : 6
# IO Buffers                       : 10
#      IBUF                        : 8
#      OBUF                        : 2
=========================================================================

Device utilization summary:
---------------------------

Selected Device : xa3s1200eftg256-4 

 Number of Slices:                        4  out of   8672     0%  
 Number of 4 input LUTs:                  7  out of  17344     0%  
 Number of IOs:                          11
 Number of bonded IOBs:                  10  out of    190     5%  

---------------------------
Partition Resource Summary:
---------------------------

  No Partitions were found in this design.

---------------------------


=========================================================================
TIMING REPORT

NOTE: THESE TIMING NUMBERS ARE ONLY A SYNTHESIS ESTIMATE.
      FOR ACCURATE TIMING INFORMATION PLEASE REFER TO THE TRACE REPORT
      GENERATED AFTER PLACE-and-ROUTE.

Clock Information:
------------------
No clock signals found in this design

Asynchronous Control Signals Information:
----------------------------------------
No asynchronous control signals found in this design

Timing Summary:
---------------
Speed Grade: -4

   Minimum period: No path found
   Minimum input arrival time before clock: No path found
   Maximum output required time after clock: No path found
   Maximum combinational path delay: 9.962ns

Timing Detail:
--------------
All values displayed in nanoseconds (ns)

=========================================================================
Timing constraint: Default path analysis
  Total number of paths / destination ports: 24 / 2
-------------------------------------------------------------------------
Delay:               9.962ns (Levels of Logic = 6)
  Source:            OP<2> (PAD)
  Destination:       RESULT (PAD)

  Data Path: OP<2> to RESULT
                                Gate     Net
    Cell:in->out      fanout   Delay   Delay  Logical Name (Net Name)
    ----------------------------------------  ------------
     IBUF:I->O             1   1.218   0.595  OP_2_IBUF (OP_2_IBUF)
     LUT2:I0->O            4   0.704   0.622  mux2bB/SAIDA1 (SB)
     LUT4:I2->O            1   0.704   0.595  mux4b0/mux2/SAIDA12 (mux4b0/mux2/SAIDA12)
     LUT4:I0->O            1   0.704   0.424  mux4b0/mux2/SAIDA175_SW0 (N4)
     LUT4:I3->O            1   0.704   0.420  mux4b0/mux2/SAIDA175 (RESULT_OBUF)
     OBUF:I->O                 3.272          RESULT_OBUF (RESULT)
    ----------------------------------------
    Total                      9.962ns (7.306ns logic, 2.656ns route)
                                       (73.3% logic, 26.7% route)

=========================================================================


Total REAL time to Xst completion: 6.00 secs
Total CPU time to Xst completion: 5.82 secs
 
--> 


Total memory usage is 519656 kilobytes

Number of errors   :    0 (   0 filtered)
Number of warnings :    9 (   0 filtered)
Number of infos    :    0 (   0 filtered)

